<?xml version="1.0" encoding="UTF-8"?>
<!-- Generated by org.testng.reporters.JUnitReportReporter -->
<testsuite hostname="DESKTOP-FAH4MPM" failures="0" tests="1" name="test_selenium.TestPageJmeter" time="20.541" errors="0" timestamp="2024-01-15T15:50:19 CET" skipped="0">
  <testcase classname="test_selenium.TestPageJmeter" name="testerPageJmeter" time="20.541"/>
  <system-out/>
</testsuite> <!-- test_selenium.TestPageJmeter -->
