<?xml version="1.0" encoding="UTF-8"?>
<!-- Generated by org.testng.reporters.JUnitReportReporter -->
<testsuite hostname="DESKTOP-FAH4MPM" failures="0" tests="1" name="test_selenium.TestPageAccueil" time="23.915" errors="0" timestamp="2024-01-15T15:32:46 CET" skipped="0">
  <testcase classname="test_selenium.TestPageAccueil" name="testAutomationStepByStep" time="23.915"/>
  <system-out/>
</testsuite> <!-- test_selenium.TestPageAccueil -->
