<?xml version="1.0" encoding="UTF-8"?>
<!-- Generated by org.testng.reporters.JUnitReportReporter -->
<testsuite hostname="DESKTOP-FAH4MPM" failures="0" tests="1" name="test_selenium.TestPageTraining" time="9.553" errors="0" timestamp="2024-01-15T15:50:49 CET" skipped="0">
  <testcase classname="test_selenium.TestPageTraining" name="testerPageTraining" time="9.553"/>
  <system-out/>
</testsuite> <!-- test_selenium.TestPageTraining -->
