<?xml version="1.0" encoding="UTF-8"?>
<!-- Generated by org.testng.reporters.JUnitReportReporter -->
<testsuite hostname="DESKTOP-FAH4MPM" failures="0" tests="1" name="test_selenium_testng.TestPageAccueil" time="23.283" errors="0" timestamp="2024-01-15T18:17:14 CET" skipped="0">
  <testcase classname="test_selenium_testng.TestPageAccueil" name="testerPageAcceuil" time="23.283"/>
  <system-out/>
</testsuite> <!-- test_selenium_testng.TestPageAccueil -->
